----------------------------------------------------------------
Wed Oct 03 16:48:09 CEST 2018:
Booting Derby version The Apache Software Foundation - Apache Derby - 10.10.2.0 - (1582446): instance a816c00e-0166-3a66-854b-00000e9eed60 
on database directory /Users/knutandersstokke/Google Drive/Documents/Universitetet/DAT250/Bay/firstdb with class loader sun.misc.Launcher$AppClassLoader@6f94fa3e 
Loaded from file:/opt/glassfish4/javadb/lib/derby.jar
java.vendor=Oracle Corporation
java.runtime.version=1.8.0_181-b13
user.dir=/Users/knutandersstokke/Google Drive/Documents/Universitetet/DAT250/Bay
os.name=Mac OS X
os.arch=x86_64
os.version=10.13.6
derby.system.home=null
Database Class Loader started - derby.database.classpath=''
----------------------------------------------------------------
Wed Oct 03 16:49:23 CEST 2018:
Booting Derby version The Apache Software Foundation - Apache Derby - 10.10.2.0 - (1582446): instance e50d80a4-0166-3a66-854b-00000e9eed60 
on database directory /Users/knutandersstokke/Google Drive/Documents/Universitetet/DAT250/Bay/bay with class loader sun.misc.Launcher$AppClassLoader@6f94fa3e 
Loaded from file:/opt/glassfish4/javadb/lib/derby.jar
java.vendor=Oracle Corporation
java.runtime.version=1.8.0_181-b13
user.dir=/Users/knutandersstokke/Google Drive/Documents/Universitetet/DAT250/Bay
os.name=Mac OS X
os.arch=x86_64
os.version=10.13.6
derby.system.home=null
Database Class Loader started - derby.database.classpath=''
